Analysis & Synthesis report for bloco_operacional
Sun Apr 03 16:36:34 2022
Quartus II 64-Bit Version 13.0.1 Build 232 06/12/2013 Service Pack 1 SJ Web Edition


---------------------
; Table of Contents ;
---------------------
  1. Legal Notice
  2. Analysis & Synthesis Summary
  3. Analysis & Synthesis Settings
  4. Parallel Compilation
  5. Analysis & Synthesis Source Files Read
  6. Analysis & Synthesis Resource Usage Summary
  7. Analysis & Synthesis Resource Utilization by Entity
  8. User-Specified and Inferred Latches
  9. General Register Statistics
 10. Multiplexer Restructuring Statistics (Restructuring Performed)
 11. Elapsed Time Per Partition
 12. Analysis & Synthesis Messages



----------------
; Legal Notice ;
----------------
Copyright (C) 1991-2013 Altera Corporation
Your use of Altera Corporation's design tools, logic functions 
and other software and tools, and its AMPP partner logic 
functions, and any output files from any of the foregoing 
(including device programming or simulation files), and any 
associated documentation or information are expressly subject 
to the terms and conditions of the Altera Program License 
Subscription Agreement, Altera MegaCore Function License 
Agreement, or other applicable license agreement, including, 
without limitation, that your use is for the sole purpose of 
programming logic devices manufactured by Altera and sold by 
Altera or its authorized distributors.  Please refer to the 
applicable agreement for further details.



+--------------------------------------------------------------------------------------+
; Analysis & Synthesis Summary                                                         ;
+------------------------------------+-------------------------------------------------+
; Analysis & Synthesis Status        ; Successful - Sun Apr 03 16:36:34 2022           ;
; Quartus II 64-Bit Version          ; 13.0.1 Build 232 06/12/2013 SP 1 SJ Web Edition ;
; Revision Name                      ; bloco_operacional                               ;
; Top-level Entity Name              ; bloco_operacional                               ;
; Family                             ; Cyclone IV E                                    ;
; Total logic elements               ; 547                                             ;
;     Total combinational functions  ; 291                                             ;
;     Dedicated logic registers      ; 288                                             ;
; Total registers                    ; 288                                             ;
; Total pins                         ; 61                                              ;
; Total virtual pins                 ; 0                                               ;
; Total memory bits                  ; 0                                               ;
; Embedded Multiplier 9-bit elements ; 0                                               ;
; Total PLLs                         ; 0                                               ;
+------------------------------------+-------------------------------------------------+


+----------------------------------------------------------------------------------------------------------------------+
; Analysis & Synthesis Settings                                                                                        ;
+----------------------------------------------------------------------------+--------------------+--------------------+
; Option                                                                     ; Setting            ; Default Value      ;
+----------------------------------------------------------------------------+--------------------+--------------------+
; Device                                                                     ; EP4CE22F17C6       ;                    ;
; Top-level entity name                                                      ; bloco_operacional  ; bloco_operacional  ;
; Family name                                                                ; Cyclone IV E       ; Cyclone IV GX      ;
; Use smart compilation                                                      ; Off                ; Off                ;
; Enable parallel Assembler and TimeQuest Timing Analyzer during compilation ; On                 ; On                 ;
; Enable compact report table                                                ; Off                ; Off                ;
; Restructure Multiplexers                                                   ; Auto               ; Auto               ;
; Create Debugging Nodes for IP Cores                                        ; Off                ; Off                ;
; Preserve fewer node names                                                  ; On                 ; On                 ;
; Disable OpenCore Plus hardware evaluation                                  ; Off                ; Off                ;
; Verilog Version                                                            ; Verilog_2001       ; Verilog_2001       ;
; VHDL Version                                                               ; VHDL_1993          ; VHDL_1993          ;
; State Machine Processing                                                   ; Auto               ; Auto               ;
; Safe State Machine                                                         ; Off                ; Off                ;
; Extract Verilog State Machines                                             ; On                 ; On                 ;
; Extract VHDL State Machines                                                ; On                 ; On                 ;
; Ignore Verilog initial constructs                                          ; Off                ; Off                ;
; Iteration limit for constant Verilog loops                                 ; 5000               ; 5000               ;
; Iteration limit for non-constant Verilog loops                             ; 250                ; 250                ;
; Add Pass-Through Logic to Inferred RAMs                                    ; On                 ; On                 ;
; Infer RAMs from Raw Logic                                                  ; On                 ; On                 ;
; Parallel Synthesis                                                         ; On                 ; On                 ;
; DSP Block Balancing                                                        ; Auto               ; Auto               ;
; NOT Gate Push-Back                                                         ; On                 ; On                 ;
; Power-Up Don't Care                                                        ; On                 ; On                 ;
; Remove Redundant Logic Cells                                               ; Off                ; Off                ;
; Remove Duplicate Registers                                                 ; On                 ; On                 ;
; Ignore CARRY Buffers                                                       ; Off                ; Off                ;
; Ignore CASCADE Buffers                                                     ; Off                ; Off                ;
; Ignore GLOBAL Buffers                                                      ; Off                ; Off                ;
; Ignore ROW GLOBAL Buffers                                                  ; Off                ; Off                ;
; Ignore LCELL Buffers                                                       ; Off                ; Off                ;
; Ignore SOFT Buffers                                                        ; On                 ; On                 ;
; Limit AHDL Integers to 32 Bits                                             ; Off                ; Off                ;
; Optimization Technique                                                     ; Balanced           ; Balanced           ;
; Carry Chain Length                                                         ; 70                 ; 70                 ;
; Auto Carry Chains                                                          ; On                 ; On                 ;
; Auto Open-Drain Pins                                                       ; On                 ; On                 ;
; Perform WYSIWYG Primitive Resynthesis                                      ; Off                ; Off                ;
; Auto ROM Replacement                                                       ; On                 ; On                 ;
; Auto RAM Replacement                                                       ; On                 ; On                 ;
; Auto DSP Block Replacement                                                 ; On                 ; On                 ;
; Auto Shift Register Replacement                                            ; Auto               ; Auto               ;
; Allow Shift Register Merging across Hierarchies                            ; Auto               ; Auto               ;
; Auto Clock Enable Replacement                                              ; On                 ; On                 ;
; Strict RAM Replacement                                                     ; Off                ; Off                ;
; Allow Synchronous Control Signals                                          ; On                 ; On                 ;
; Force Use of Synchronous Clear Signals                                     ; Off                ; Off                ;
; Auto RAM Block Balancing                                                   ; On                 ; On                 ;
; Auto RAM to Logic Cell Conversion                                          ; Off                ; Off                ;
; Auto Resource Sharing                                                      ; Off                ; Off                ;
; Allow Any RAM Size For Recognition                                         ; Off                ; Off                ;
; Allow Any ROM Size For Recognition                                         ; Off                ; Off                ;
; Allow Any Shift Register Size For Recognition                              ; Off                ; Off                ;
; Use LogicLock Constraints during Resource Balancing                        ; On                 ; On                 ;
; Ignore translate_off and synthesis_off directives                          ; Off                ; Off                ;
; Timing-Driven Synthesis                                                    ; On                 ; On                 ;
; Report Parameter Settings                                                  ; On                 ; On                 ;
; Report Source Assignments                                                  ; On                 ; On                 ;
; Report Connectivity Checks                                                 ; On                 ; On                 ;
; Ignore Maximum Fan-Out Assignments                                         ; Off                ; Off                ;
; Synchronization Register Chain Length                                      ; 2                  ; 2                  ;
; PowerPlay Power Optimization                                               ; Normal compilation ; Normal compilation ;
; HDL message level                                                          ; Level2             ; Level2             ;
; Suppress Register Optimization Related Messages                            ; Off                ; Off                ;
; Number of Removed Registers Reported in Synthesis Report                   ; 5000               ; 5000               ;
; Number of Swept Nodes Reported in Synthesis Report                         ; 5000               ; 5000               ;
; Number of Inverted Registers Reported in Synthesis Report                  ; 100                ; 100                ;
; Clock MUX Protection                                                       ; On                 ; On                 ;
; Auto Gated Clock Conversion                                                ; Off                ; Off                ;
; Block Design Naming                                                        ; Auto               ; Auto               ;
; SDC constraint protection                                                  ; Off                ; Off                ;
; Synthesis Effort                                                           ; Auto               ; Auto               ;
; Shift Register Replacement - Allow Asynchronous Clear Signal               ; On                 ; On                 ;
; Pre-Mapping Resynthesis Optimization                                       ; Off                ; Off                ;
; Analysis & Synthesis Message Level                                         ; Medium             ; Medium             ;
; Disable Register Merging Across Hierarchies                                ; Auto               ; Auto               ;
; Resource Aware Inference For Block RAM                                     ; On                 ; On                 ;
; Synthesis Seed                                                             ; 1                  ; 1                  ;
+----------------------------------------------------------------------------+--------------------+--------------------+


Parallel compilation was disabled, but you have multiple processors available. Enable parallel compilation to reduce compilation time.
+-------------------------------------+
; Parallel Compilation                ;
+----------------------------+--------+
; Processors                 ; Number ;
+----------------------------+--------+
; Number detected on machine ; 4      ;
; Maximum allowed            ; 1      ;
+----------------------------+--------+


+-------------------------------------------------------------------------------------------------------------------------------------------------------------+
; Analysis & Synthesis Source Files Read                                                                                                                      ;
+----------------------------------+-----------------+-----------------+----------------------------------------------------------------------------+---------+
; File Name with User-Entered Path ; Used in Netlist ; File Type       ; File Name with Absolute Path                                               ; Library ;
+----------------------------------+-----------------+-----------------+----------------------------------------------------------------------------+---------+
; bloco_operacional.vhd            ; yes             ; User VHDL File  ; C:/Users/costa/Desktop/Projeto_lab-micro/OPERACIONAL/bloco_operacional.vhd ;         ;
+----------------------------------+-----------------+-----------------+----------------------------------------------------------------------------+---------+


+------------------------------------------------------------+
; Analysis & Synthesis Resource Usage Summary                ;
+---------------------------------------------+--------------+
; Resource                                    ; Usage        ;
+---------------------------------------------+--------------+
; Estimated Total logic elements              ; 547          ;
;                                             ;              ;
; Total combinational functions               ; 291          ;
; Logic element usage by number of LUT inputs ;              ;
;     -- 4 input functions                    ; 216          ;
;     -- 3 input functions                    ; 39           ;
;     -- <=2 input functions                  ; 36           ;
;                                             ;              ;
; Logic elements by mode                      ;              ;
;     -- normal mode                          ; 275          ;
;     -- arithmetic mode                      ; 16           ;
;                                             ;              ;
; Total registers                             ; 288          ;
;     -- Dedicated logic registers            ; 288          ;
;     -- I/O registers                        ; 0            ;
;                                             ;              ;
; I/O pins                                    ; 61           ;
; Embedded Multiplier 9-bit elements          ; 0            ;
; Maximum fan-out node                        ; clk_op~input ;
; Maximum fan-out                             ; 288          ;
; Total fan-out                               ; 1995         ;
; Average fan-out                             ; 2.85         ;
+---------------------------------------------+--------------+


+--------------------------------------------------------------------------------------------------------------------------------------------------------------------------------------------+
; Analysis & Synthesis Resource Utilization by Entity                                                                                                                                        ;
+----------------------------+-------------------+--------------+-------------+--------------+---------+-----------+------+--------------+------------------------------------+--------------+
; Compilation Hierarchy Node ; LC Combinationals ; LC Registers ; Memory Bits ; DSP Elements ; DSP 9x9 ; DSP 18x18 ; Pins ; Virtual Pins ; Full Hierarchy Name                ; Library Name ;
+----------------------------+-------------------+--------------+-------------+--------------+---------+-----------+------+--------------+------------------------------------+--------------+
; |bloco_operacional         ; 291 (0)           ; 288 (0)      ; 0           ; 0            ; 0       ; 0         ; 61   ; 0            ; |bloco_operacional                 ; work         ;
;    |RF_Rp:Porta_nor|       ; 5 (5)             ; 0 (0)        ; 0           ; 0            ; 0       ; 0         ; 0    ; 0            ; |bloco_operacional|RF_Rp:Porta_nor ; work         ;
;    |ULA:OP|                ; 33 (33)           ; 0 (0)        ; 0           ; 0            ; 0       ; 0         ; 0    ; 0            ; |bloco_operacional|ULA:OP          ; work         ;
;    |data_op:RF|            ; 192 (192)         ; 288 (288)    ; 0           ; 0            ; 0       ; 0         ; 0    ; 0            ; |bloco_operacional|data_op:RF      ; work         ;
;    |mux:m|                 ; 61 (61)           ; 0 (0)        ; 0           ; 0            ; 0       ; 0         ; 0    ; 0            ; |bloco_operacional|mux:m           ; work         ;
+----------------------------+-------------------+--------------+-------------+--------------+---------+-----------+------+--------------+------------------------------------+--------------+
Note: For table entries with two numbers listed, the numbers in parentheses indicate the number of resources of the given type used by the specific entity alone. The numbers listed outside of parentheses indicate the total resources of the given type used by the specific entity and all of its sub-entities in the hierarchy.


+----------------------------------------------------------------------------------------------------+
; User-Specified and Inferred Latches                                                                ;
+-----------------------------------------------------+---------------------+------------------------+
; Latch Name                                          ; Latch Enable Signal ; Free of Timing Hazards ;
+-----------------------------------------------------+---------------------+------------------------+
; mux:m|mo[0]                                         ; mux:m|mo[15]        ; yes                    ;
; mux:m|mo[1]                                         ; mux:m|mo[15]        ; yes                    ;
; mux:m|mo[2]                                         ; mux:m|mo[15]        ; yes                    ;
; mux:m|mo[3]                                         ; mux:m|mo[15]        ; yes                    ;
; mux:m|mo[4]                                         ; mux:m|mo[15]        ; yes                    ;
; mux:m|mo[5]                                         ; mux:m|mo[15]        ; yes                    ;
; mux:m|mo[6]                                         ; mux:m|mo[15]        ; yes                    ;
; mux:m|mo[7]                                         ; mux:m|mo[15]        ; yes                    ;
; mux:m|mo[8]                                         ; mux:m|mo[15]        ; yes                    ;
; mux:m|mo[9]                                         ; mux:m|mo[15]        ; yes                    ;
; mux:m|mo[10]                                        ; mux:m|mo[15]        ; yes                    ;
; mux:m|mo[11]                                        ; mux:m|mo[15]        ; yes                    ;
; mux:m|mo[12]                                        ; mux:m|mo[15]        ; yes                    ;
; mux:m|mo[13]                                        ; mux:m|mo[15]        ; yes                    ;
; mux:m|mo[14]                                        ; mux:m|mo[15]        ; yes                    ;
; mux:m|mo[15]                                        ; mux:m|mo[15]        ; yes                    ;
; Number of user-specified and inferred latches = 16  ;                     ;                        ;
+-----------------------------------------------------+---------------------+------------------------+
Note: All latches listed above may not be present at the end of synthesis due to various synthesis optimizations.


+------------------------------------------------------+
; General Register Statistics                          ;
+----------------------------------------------+-------+
; Statistic                                    ; Value ;
+----------------------------------------------+-------+
; Total registers                              ; 288   ;
; Number of registers using Synchronous Clear  ; 0     ;
; Number of registers using Synchronous Load   ; 0     ;
; Number of registers using Asynchronous Clear ; 0     ;
; Number of registers using Asynchronous Load  ; 0     ;
; Number of registers using Clock Enable       ; 288   ;
; Number of registers using Preset             ; 0     ;
+----------------------------------------------+-------+


+----------------------------------------------------------------------------------------------------------------------------------------------+
; Multiplexer Restructuring Statistics (Restructuring Performed)                                                                               ;
+--------------------+-----------+---------------+----------------------+------------------------+------------+--------------------------------+
; Multiplexer Inputs ; Bus Width ; Baseline Area ; Area if Restructured ; Saving if Restructured ; Registered ; Example Multiplexer Output     ;
+--------------------+-----------+---------------+----------------------+------------------------+------------+--------------------------------+
; 5:1                ; 8 bits    ; 24 LEs        ; 16 LEs               ; 8 LEs                  ; No         ; |bloco_operacional|mux:m|mo[9] ;
; 5:1                ; 8 bits    ; 24 LEs        ; 16 LEs               ; 8 LEs                  ; No         ; |bloco_operacional|mux:m|mo[0] ;
+--------------------+-----------+---------------+----------------------+------------------------+------------+--------------------------------+


+-------------------------------+
; Elapsed Time Per Partition    ;
+----------------+--------------+
; Partition Name ; Elapsed Time ;
+----------------+--------------+
; Top            ; 00:00:02     ;
+----------------+--------------+


+-------------------------------+
; Analysis & Synthesis Messages ;
+-------------------------------+
Info: *******************************************************************
Info: Running Quartus II 64-Bit Analysis & Synthesis
    Info: Version 13.0.1 Build 232 06/12/2013 Service Pack 1 SJ Web Edition
    Info: Processing started: Sun Apr 03 16:36:29 2022
Info: Command: quartus_map --read_settings_files=on --write_settings_files=off bloco_operacional -c bloco_operacional
Warning (20028): Parallel compilation is not licensed and has been disabled
Warning (12090): Entity "mux" obtained from "bloco_operacional.vhd" instead of from Quartus II megafunction library
Info (12021): Found 10 design units, including 5 entities, in source file bloco_operacional.vhd
    Info (12022): Found design unit 1: bloco_operacional-behavior_bloco_operacional
    Info (12022): Found design unit 2: mux-behavior_mux
    Info (12022): Found design unit 3: data_op-behavior_data_op
    Info (12022): Found design unit 4: ULA-Behavior
    Info (12022): Found design unit 5: RF_Rp-behavior_RF_Rp
    Info (12023): Found entity 1: bloco_operacional
    Info (12023): Found entity 2: mux
    Info (12023): Found entity 3: data_op
    Info (12023): Found entity 4: ULA
    Info (12023): Found entity 5: RF_Rp
Info (12127): Elaborating entity "bloco_operacional" for the top level hierarchy
Info (12128): Elaborating entity "mux" for hierarchy "mux:m"
Warning (10492): VHDL Process Statement warning at bloco_operacional.vhd(99): signal "m0" is read inside the Process Statement but isn't in the Process Statement's sensitivity list
Warning (10492): VHDL Process Statement warning at bloco_operacional.vhd(101): signal "m1" is read inside the Process Statement but isn't in the Process Statement's sensitivity list
Warning (10492): VHDL Process Statement warning at bloco_operacional.vhd(103): signal "m2" is read inside the Process Statement but isn't in the Process Statement's sensitivity list
Warning (10631): VHDL Process Statement warning at bloco_operacional.vhd(97): inferring latch(es) for signal or variable "mo", which holds its previous value in one or more paths through the process
Info (10041): Inferred latch for "mo[0]" at bloco_operacional.vhd(97)
Info (10041): Inferred latch for "mo[1]" at bloco_operacional.vhd(97)
Info (10041): Inferred latch for "mo[2]" at bloco_operacional.vhd(97)
Info (10041): Inferred latch for "mo[3]" at bloco_operacional.vhd(97)
Info (10041): Inferred latch for "mo[4]" at bloco_operacional.vhd(97)
Info (10041): Inferred latch for "mo[5]" at bloco_operacional.vhd(97)
Info (10041): Inferred latch for "mo[6]" at bloco_operacional.vhd(97)
Info (10041): Inferred latch for "mo[7]" at bloco_operacional.vhd(97)
Info (10041): Inferred latch for "mo[8]" at bloco_operacional.vhd(97)
Info (10041): Inferred latch for "mo[9]" at bloco_operacional.vhd(97)
Info (10041): Inferred latch for "mo[10]" at bloco_operacional.vhd(97)
Info (10041): Inferred latch for "mo[11]" at bloco_operacional.vhd(97)
Info (10041): Inferred latch for "mo[12]" at bloco_operacional.vhd(97)
Info (10041): Inferred latch for "mo[13]" at bloco_operacional.vhd(97)
Info (10041): Inferred latch for "mo[14]" at bloco_operacional.vhd(97)
Info (10041): Inferred latch for "mo[15]" at bloco_operacional.vhd(97)
Info (12128): Elaborating entity "data_op" for hierarchy "data_op:RF"
Warning (10036): Verilog HDL or VHDL warning at bloco_operacional.vhd(128): object "addr_Rp" assigned a value but never read
Warning (10492): VHDL Process Statement warning at bloco_operacional.vhd(132): signal "W_addr" is read inside the Process Statement but isn't in the Process Statement's sensitivity list
Warning (10492): VHDL Process Statement warning at bloco_operacional.vhd(133): signal "Rp_addr" is read inside the Process Statement but isn't in the Process Statement's sensitivity list
Warning (10492): VHDL Process Statement warning at bloco_operacional.vhd(134): signal "Rq_addr" is read inside the Process Statement but isn't in the Process Statement's sensitivity list
Warning (10492): VHDL Process Statement warning at bloco_operacional.vhd(135): signal "Rq_rd" is read inside the Process Statement but isn't in the Process Statement's sensitivity list
Warning (10492): VHDL Process Statement warning at bloco_operacional.vhd(137): signal "Rp_rd" is read inside the Process Statement but isn't in the Process Statement's sensitivity list
Warning (10492): VHDL Process Statement warning at bloco_operacional.vhd(139): signal "W_wr" is read inside the Process Statement but isn't in the Process Statement's sensitivity list
Info (12128): Elaborating entity "ULA" for hierarchy "ULA:OP"
Warning (10492): VHDL Process Statement warning at bloco_operacional.vhd(160): signal "A" is read inside the Process Statement but isn't in the Process Statement's sensitivity list
Warning (10492): VHDL Process Statement warning at bloco_operacional.vhd(162): signal "A" is read inside the Process Statement but isn't in the Process Statement's sensitivity list
Warning (10492): VHDL Process Statement warning at bloco_operacional.vhd(162): signal "B" is read inside the Process Statement but isn't in the Process Statement's sensitivity list
Warning (10492): VHDL Process Statement warning at bloco_operacional.vhd(164): signal "A" is read inside the Process Statement but isn't in the Process Statement's sensitivity list
Warning (10492): VHDL Process Statement warning at bloco_operacional.vhd(164): signal "B" is read inside the Process Statement but isn't in the Process Statement's sensitivity list
Info (12128): Elaborating entity "RF_Rp" for hierarchy "RF_Rp:Porta_nor"
Warning (13046): Tri-state node(s) do not directly drive top-level pin(s)
    Warning (13049): Converted tri-state buffer "ULA:OP|O[0]" feeding internal logic into a wire
    Warning (13049): Converted tri-state buffer "ULA:OP|O[1]" feeding internal logic into a wire
    Warning (13049): Converted tri-state buffer "ULA:OP|O[2]" feeding internal logic into a wire
    Warning (13049): Converted tri-state buffer "ULA:OP|O[3]" feeding internal logic into a wire
    Warning (13049): Converted tri-state buffer "ULA:OP|O[4]" feeding internal logic into a wire
    Warning (13049): Converted tri-state buffer "ULA:OP|O[5]" feeding internal logic into a wire
    Warning (13049): Converted tri-state buffer "ULA:OP|O[6]" feeding internal logic into a wire
    Warning (13049): Converted tri-state buffer "ULA:OP|O[7]" feeding internal logic into a wire
    Warning (13049): Converted tri-state buffer "ULA:OP|O[8]" feeding internal logic into a wire
    Warning (13049): Converted tri-state buffer "ULA:OP|O[9]" feeding internal logic into a wire
    Warning (13049): Converted tri-state buffer "ULA:OP|O[10]" feeding internal logic into a wire
    Warning (13049): Converted tri-state buffer "ULA:OP|O[11]" feeding internal logic into a wire
    Warning (13049): Converted tri-state buffer "ULA:OP|O[12]" feeding internal logic into a wire
    Warning (13049): Converted tri-state buffer "ULA:OP|O[13]" feeding internal logic into a wire
    Warning (13049): Converted tri-state buffer "ULA:OP|O[14]" feeding internal logic into a wire
    Warning (13049): Converted tri-state buffer "ULA:OP|O[15]" feeding internal logic into a wire
Info (276014): Found 1 instances of uninferred RAM logic
    Info (276007): RAM logic "data_op:RF|reg" is uninferred due to asynchronous read logic
Warning (13012): Latch mux:m|mo[0] has unsafe behavior
    Warning (13013): Ports D and ENA on the latch are fed by the same signal RF_s1_op
Warning (13012): Latch mux:m|mo[1] has unsafe behavior
    Warning (13013): Ports D and ENA on the latch are fed by the same signal RF_s1_op
Warning (13012): Latch mux:m|mo[2] has unsafe behavior
    Warning (13013): Ports D and ENA on the latch are fed by the same signal RF_s1_op
Warning (13012): Latch mux:m|mo[3] has unsafe behavior
    Warning (13013): Ports D and ENA on the latch are fed by the same signal RF_s1_op
Warning (13012): Latch mux:m|mo[4] has unsafe behavior
    Warning (13013): Ports D and ENA on the latch are fed by the same signal RF_s1_op
Warning (13012): Latch mux:m|mo[5] has unsafe behavior
    Warning (13013): Ports D and ENA on the latch are fed by the same signal RF_s1_op
Warning (13012): Latch mux:m|mo[6] has unsafe behavior
    Warning (13013): Ports D and ENA on the latch are fed by the same signal RF_s1_op
Warning (13012): Latch mux:m|mo[7] has unsafe behavior
    Warning (13013): Ports D and ENA on the latch are fed by the same signal RF_s1_op
Warning (13012): Latch mux:m|mo[8] has unsafe behavior
    Warning (13013): Ports D and ENA on the latch are fed by the same signal RF_s1_op
Warning (13012): Latch mux:m|mo[9] has unsafe behavior
    Warning (13013): Ports D and ENA on the latch are fed by the same signal RF_s1_op
Warning (13012): Latch mux:m|mo[10] has unsafe behavior
    Warning (13013): Ports D and ENA on the latch are fed by the same signal RF_s1_op
Warning (13012): Latch mux:m|mo[11] has unsafe behavior
    Warning (13013): Ports D and ENA on the latch are fed by the same signal RF_s1_op
Warning (13012): Latch mux:m|mo[12] has unsafe behavior
    Warning (13013): Ports D and ENA on the latch are fed by the same signal RF_s1_op
Warning (13012): Latch mux:m|mo[13] has unsafe behavior
    Warning (13013): Ports D and ENA on the latch are fed by the same signal RF_s1_op
Warning (13012): Latch mux:m|mo[14] has unsafe behavior
    Warning (13013): Ports D and ENA on the latch are fed by the same signal RF_s1_op
Warning (13012): Latch mux:m|mo[15] has unsafe behavior
    Warning (13013): Ports D and ENA on the latch are fed by the same signal RF_s1_op
Info (286030): Timing-Driven Synthesis is running
Info (16010): Generating hard_block partition "hard_block:auto_generated_inst"
    Info (16011): Adding 0 node(s), including 0 DDIO, 0 PLL, 0 transceiver and 0 LCELL
Warning (21074): Design contains 4 input pin(s) that do not drive logic
    Warning (15610): No output dependent on input pin "RF_Rp_addr_op[0]"
    Warning (15610): No output dependent on input pin "RF_Rp_addr_op[1]"
    Warning (15610): No output dependent on input pin "RF_Rp_addr_op[2]"
    Warning (15610): No output dependent on input pin "RF_Rp_addr_op[3]"
Info (21057): Implemented 640 device resources after synthesis - the final resource count might be different
    Info (21058): Implemented 44 input pins
    Info (21059): Implemented 17 output pins
    Info (21061): Implemented 579 logic cells
Info: Quartus II 64-Bit Analysis & Synthesis was successful. 0 errors, 72 warnings
    Info: Peak virtual memory: 4626 megabytes
    Info: Processing ended: Sun Apr 03 16:36:34 2022
    Info: Elapsed time: 00:00:05
    Info: Total CPU time (on all processors): 00:00:05


