Analysis & Synthesis report for processador
Tue Apr 05 17:11:55 2022
Quartus II 64-Bit Version 13.0.1 Build 232 06/12/2013 Service Pack 1 SJ Web Edition


---------------------
; Table of Contents ;
---------------------
  1. Legal Notice
  2. Analysis & Synthesis Summary
  3. Analysis & Synthesis Settings
  4. Parallel Compilation
  5. Analysis & Synthesis Source Files Read
  6. Analysis & Synthesis Resource Usage Summary
  7. Analysis & Synthesis Resource Utilization by Entity
  8. Analysis & Synthesis RAM Summary
  9. State Machine - |processador|unidade_de_controle:Unidade_Controle|FSM:FSM_c|estado
 10. User-Specified and Inferred Latches
 11. Registers Removed During Synthesis
 12. General Register Statistics
 13. Registers Packed Into Inferred Megafunctions
 14. Multiplexer Restructuring Statistics (Restructuring Performed)
 15. Source assignments for data_d:Memoria_Dados|altsyncram:mem_rtl_0|altsyncram_dqi1:auto_generated
 16. Parameter Settings for Inferred Entity Instance: data_d:Memoria_Dados|altsyncram:mem_rtl_0
 17. altsyncram Parameter Settings by Entity Instance
 18. Port Connectivity Checks: "unidade_de_controle:Unidade_Controle|sum:somador"
 19. Elapsed Time Per Partition
 20. Analysis & Synthesis Messages



----------------
; Legal Notice ;
----------------
Copyright (C) 1991-2013 Altera Corporation
Your use of Altera Corporation's design tools, logic functions 
and other software and tools, and its AMPP partner logic 
functions, and any output files from any of the foregoing 
(including device programming or simulation files), and any 
associated documentation or information are expressly subject 
to the terms and conditions of the Altera Program License 
Subscription Agreement, Altera MegaCore Function License 
Agreement, or other applicable license agreement, including, 
without limitation, that your use is for the sole purpose of 
programming logic devices manufactured by Altera and sold by 
Altera or its authorized distributors.  Please refer to the 
applicable agreement for further details.



+--------------------------------------------------------------------------------------+
; Analysis & Synthesis Summary                                                         ;
+------------------------------------+-------------------------------------------------+
; Analysis & Synthesis Status        ; Successful - Tue Apr 05 17:11:55 2022           ;
; Quartus II 64-Bit Version          ; 13.0.1 Build 232 06/12/2013 SP 1 SJ Web Edition ;
; Revision Name                      ; processador                                     ;
; Top-level Entity Name              ; processador                                     ;
; Family                             ; Cyclone IV E                                    ;
; Total logic elements               ; 753                                             ;
;     Total combinational functions  ; 476                                             ;
;     Dedicated logic registers      ; 366                                             ;
; Total registers                    ; 366                                             ;
; Total pins                         ; 116                                             ;
; Total virtual pins                 ; 0                                               ;
; Total memory bits                  ; 4,096                                           ;
; Embedded Multiplier 9-bit elements ; 0                                               ;
; Total PLLs                         ; 0                                               ;
+------------------------------------+-------------------------------------------------+


+----------------------------------------------------------------------------------------------------------------------+
; Analysis & Synthesis Settings                                                                                        ;
+----------------------------------------------------------------------------+--------------------+--------------------+
; Option                                                                     ; Setting            ; Default Value      ;
+----------------------------------------------------------------------------+--------------------+--------------------+
; Device                                                                     ; EP4CE22F17C6       ;                    ;
; Top-level entity name                                                      ; processador        ; processador        ;
; Family name                                                                ; Cyclone IV E       ; Cyclone IV GX      ;
; Use smart compilation                                                      ; Off                ; Off                ;
; Enable parallel Assembler and TimeQuest Timing Analyzer during compilation ; On                 ; On                 ;
; Enable compact report table                                                ; Off                ; Off                ;
; Restructure Multiplexers                                                   ; Auto               ; Auto               ;
; Create Debugging Nodes for IP Cores                                        ; Off                ; Off                ;
; Preserve fewer node names                                                  ; On                 ; On                 ;
; Disable OpenCore Plus hardware evaluation                                  ; Off                ; Off                ;
; Verilog Version                                                            ; Verilog_2001       ; Verilog_2001       ;
; VHDL Version                                                               ; VHDL_1993          ; VHDL_1993          ;
; State Machine Processing                                                   ; Auto               ; Auto               ;
; Safe State Machine                                                         ; Off                ; Off                ;
; Extract Verilog State Machines                                             ; On                 ; On                 ;
; Extract VHDL State Machines                                                ; On                 ; On                 ;
; Ignore Verilog initial constructs                                          ; Off                ; Off                ;
; Iteration limit for constant Verilog loops                                 ; 5000               ; 5000               ;
; Iteration limit for non-constant Verilog loops                             ; 250                ; 250                ;
; Add Pass-Through Logic to Inferred RAMs                                    ; On                 ; On                 ;
; Infer RAMs from Raw Logic                                                  ; On                 ; On                 ;
; Parallel Synthesis                                                         ; On                 ; On                 ;
; DSP Block Balancing                                                        ; Auto               ; Auto               ;
; NOT Gate Push-Back                                                         ; On                 ; On                 ;
; Power-Up Don't Care                                                        ; On                 ; On                 ;
; Remove Redundant Logic Cells                                               ; Off                ; Off                ;
; Remove Duplicate Registers                                                 ; On                 ; On                 ;
; Ignore CARRY Buffers                                                       ; Off                ; Off                ;
; Ignore CASCADE Buffers                                                     ; Off                ; Off                ;
; Ignore GLOBAL Buffers                                                      ; Off                ; Off                ;
; Ignore ROW GLOBAL Buffers                                                  ; Off                ; Off                ;
; Ignore LCELL Buffers                                                       ; Off                ; Off                ;
; Ignore SOFT Buffers                                                        ; On                 ; On                 ;
; Limit AHDL Integers to 32 Bits                                             ; Off                ; Off                ;
; Optimization Technique                                                     ; Balanced           ; Balanced           ;
; Carry Chain Length                                                         ; 70                 ; 70                 ;
; Auto Carry Chains                                                          ; On                 ; On                 ;
; Auto Open-Drain Pins                                                       ; On                 ; On                 ;
; Perform WYSIWYG Primitive Resynthesis                                      ; Off                ; Off                ;
; Auto ROM Replacement                                                       ; On                 ; On                 ;
; Auto RAM Replacement                                                       ; On                 ; On                 ;
; Auto DSP Block Replacement                                                 ; On                 ; On                 ;
; Auto Shift Register Replacement                                            ; Auto               ; Auto               ;
; Allow Shift Register Merging across Hierarchies                            ; Auto               ; Auto               ;
; Auto Clock Enable Replacement                                              ; On                 ; On                 ;
; Strict RAM Replacement                                                     ; Off                ; Off                ;
; Allow Synchronous Control Signals                                          ; On                 ; On                 ;
; Force Use of Synchronous Clear Signals                                     ; Off                ; Off                ;
; Auto RAM Block Balancing                                                   ; On                 ; On                 ;
; Auto RAM to Logic Cell Conversion                                          ; Off                ; Off                ;
; Auto Resource Sharing                                                      ; Off                ; Off                ;
; Allow Any RAM Size For Recognition                                         ; Off                ; Off                ;
; Allow Any ROM Size For Recognition                                         ; Off                ; Off                ;
; Allow Any Shift Register Size For Recognition                              ; Off                ; Off                ;
; Use LogicLock Constraints during Resource Balancing                        ; On                 ; On                 ;
; Ignore translate_off and synthesis_off directives                          ; Off                ; Off                ;
; Timing-Driven Synthesis                                                    ; On                 ; On                 ;
; Report Parameter Settings                                                  ; On                 ; On                 ;
; Report Source Assignments                                                  ; On                 ; On                 ;
; Report Connectivity Checks                                                 ; On                 ; On                 ;
; Ignore Maximum Fan-Out Assignments                                         ; Off                ; Off                ;
; Synchronization Register Chain Length                                      ; 2                  ; 2                  ;
; PowerPlay Power Optimization                                               ; Normal compilation ; Normal compilation ;
; HDL message level                                                          ; Level2             ; Level2             ;
; Suppress Register Optimization Related Messages                            ; Off                ; Off                ;
; Number of Removed Registers Reported in Synthesis Report                   ; 5000               ; 5000               ;
; Number of Swept Nodes Reported in Synthesis Report                         ; 5000               ; 5000               ;
; Number of Inverted Registers Reported in Synthesis Report                  ; 100                ; 100                ;
; Clock MUX Protection                                                       ; On                 ; On                 ;
; Auto Gated Clock Conversion                                                ; Off                ; Off                ;
; Block Design Naming                                                        ; Auto               ; Auto               ;
; SDC constraint protection                                                  ; Off                ; Off                ;
; Synthesis Effort                                                           ; Auto               ; Auto               ;
; Shift Register Replacement - Allow Asynchronous Clear Signal               ; On                 ; On                 ;
; Pre-Mapping Resynthesis Optimization                                       ; Off                ; Off                ;
; Analysis & Synthesis Message Level                                         ; Medium             ; Medium             ;
; Disable Register Merging Across Hierarchies                                ; Auto               ; Auto               ;
; Resource Aware Inference For Block RAM                                     ; On                 ; On                 ;
; Synthesis Seed                                                             ; 1                  ; 1                  ;
+----------------------------------------------------------------------------+--------------------+--------------------+


Parallel compilation was disabled, but you have multiple processors available. Enable parallel compilation to reduce compilation time.
+-------------------------------------+
; Parallel Compilation                ;
+----------------------------+--------+
; Processors                 ; Number ;
+----------------------------+--------+
; Number detected on machine ; 4      ;
; Maximum allowed            ; 1      ;
+----------------------------+--------+


+-------------------------------------------------------------------------------------------------------------------------------------------------------------------------------------------------------------------------------------------+
; Analysis & Synthesis Source Files Read                                                                                                                                                                                                    ;
+---------------------------------------------+-----------------+-------------------------------------------------------+---------------------------------------------------------------------------------------------------------+---------+
; File Name with User-Entered Path            ; Used in Netlist ; File Type                                             ; File Name with Absolute Path                                                                            ; Library ;
+---------------------------------------------+-----------------+-------------------------------------------------------+---------------------------------------------------------------------------------------------------------+---------+
; processador.vhd                             ; yes             ; User VHDL File                                        ; C:/Users/UFERSA/Desktop/PROCESSADOR/PROCESSADOR/PROCESSADOR/processador.vhd                             ;         ;
; altsyncram.tdf                              ; yes             ; Megafunction                                          ; c:/altera/13.0sp1/quartus/libraries/megafunctions/altsyncram.tdf                                        ;         ;
; stratix_ram_block.inc                       ; yes             ; Megafunction                                          ; c:/altera/13.0sp1/quartus/libraries/megafunctions/stratix_ram_block.inc                                 ;         ;
; lpm_mux.inc                                 ; yes             ; Megafunction                                          ; c:/altera/13.0sp1/quartus/libraries/megafunctions/lpm_mux.inc                                           ;         ;
; lpm_decode.inc                              ; yes             ; Megafunction                                          ; c:/altera/13.0sp1/quartus/libraries/megafunctions/lpm_decode.inc                                        ;         ;
; aglobal130.inc                              ; yes             ; Megafunction                                          ; c:/altera/13.0sp1/quartus/libraries/megafunctions/aglobal130.inc                                        ;         ;
; a_rdenreg.inc                               ; yes             ; Megafunction                                          ; c:/altera/13.0sp1/quartus/libraries/megafunctions/a_rdenreg.inc                                         ;         ;
; altrom.inc                                  ; yes             ; Megafunction                                          ; c:/altera/13.0sp1/quartus/libraries/megafunctions/altrom.inc                                            ;         ;
; altram.inc                                  ; yes             ; Megafunction                                          ; c:/altera/13.0sp1/quartus/libraries/megafunctions/altram.inc                                            ;         ;
; altdpram.inc                                ; yes             ; Megafunction                                          ; c:/altera/13.0sp1/quartus/libraries/megafunctions/altdpram.inc                                          ;         ;
; db/altsyncram_dqi1.tdf                      ; yes             ; Auto-Generated Megafunction                           ; C:/Users/UFERSA/Desktop/PROCESSADOR/PROCESSADOR/PROCESSADOR/db/altsyncram_dqi1.tdf                      ;         ;
; db/processador.ram0_data_d_c8e23a99.hdl.mif ; yes             ; Auto-Generated Auto-Found Memory Initialization File  ; C:/Users/UFERSA/Desktop/PROCESSADOR/PROCESSADOR/PROCESSADOR/db/processador.ram0_data_d_c8e23a99.hdl.mif ;         ;
+---------------------------------------------+-----------------+-------------------------------------------------------+---------------------------------------------------------------------------------------------------------+---------+


+---------------------------------------------------------+
; Analysis & Synthesis Resource Usage Summary             ;
+---------------------------------------------+-----------+
; Resource                                    ; Usage     ;
+---------------------------------------------+-----------+
; Estimated Total logic elements              ; 753       ;
;                                             ;           ;
; Total combinational functions               ; 476       ;
; Logic element usage by number of LUT inputs ;           ;
;     -- 4 input functions                    ; 312       ;
;     -- 3 input functions                    ; 122       ;
;     -- <=2 input functions                  ; 42        ;
;                                             ;           ;
; Logic elements by mode                      ;           ;
;     -- normal mode                          ; 430       ;
;     -- arithmetic mode                      ; 46        ;
;                                             ;           ;
; Total registers                             ; 366       ;
;     -- Dedicated logic registers            ; 366       ;
;     -- I/O registers                        ; 0         ;
;                                             ;           ;
; I/O pins                                    ; 116       ;
; Total memory bits                           ; 4096      ;
; Embedded Multiplier 9-bit elements          ; 0         ;
; Maximum fan-out node                        ; clk~input ;
; Maximum fan-out                             ; 382       ;
; Total fan-out                               ; 3247      ;
; Average fan-out                             ; 2.98      ;
+---------------------------------------------+-----------+


+--------------------------------------------------------------------------------------------------------------------------------------------------------------------------------------------------------------------------------------------------------------+
; Analysis & Synthesis Resource Utilization by Entity                                                                                                                                                                                                          ;
+-------------------------------------------+-------------------+--------------+-------------+--------------+---------+-----------+------+--------------+---------------------------------------------------------------------------------------+--------------+
; Compilation Hierarchy Node                ; LC Combinationals ; LC Registers ; Memory Bits ; DSP Elements ; DSP 9x9 ; DSP 18x18 ; Pins ; Virtual Pins ; Full Hierarchy Name                                                                   ; Library Name ;
+-------------------------------------------+-------------------+--------------+-------------+--------------+---------+-----------+------+--------------+---------------------------------------------------------------------------------------+--------------+
; |processador                              ; 476 (1)           ; 366 (0)      ; 4096        ; 0            ; 0       ; 0         ; 116  ; 0            ; |processador                                                                          ; work         ;
;    |bloco_operacional:Bloco_OP|           ; 292 (0)           ; 288 (0)      ; 0           ; 0            ; 0       ; 0         ; 0    ; 0            ; |processador|bloco_operacional:Bloco_OP                                               ; work         ;
;       |RF_Rp:Porta_nor|                   ; 5 (5)             ; 0 (0)        ; 0           ; 0            ; 0       ; 0         ; 0    ; 0            ; |processador|bloco_operacional:Bloco_OP|RF_Rp:Porta_nor                               ; work         ;
;       |ULA:OP|                            ; 33 (33)           ; 0 (0)        ; 0           ; 0            ; 0       ; 0         ; 0    ; 0            ; |processador|bloco_operacional:Bloco_OP|ULA:OP                                        ; work         ;
;       |data_op:RF|                        ; 192 (192)         ; 288 (288)    ; 0           ; 0            ; 0       ; 0         ; 0    ; 0            ; |processador|bloco_operacional:Bloco_OP|data_op:RF                                    ; work         ;
;       |mux:m|                             ; 62 (62)           ; 0 (0)        ; 0           ; 0            ; 0       ; 0         ; 0    ; 0            ; |processador|bloco_operacional:Bloco_OP|mux:m                                         ; work         ;
;    |data_d:Memoria_Dados|                 ; 0 (0)             ; 0 (0)        ; 4096        ; 0            ; 0       ; 0         ; 0    ; 0            ; |processador|data_d:Memoria_Dados                                                     ; work         ;
;       |altsyncram:mem_rtl_0|              ; 0 (0)             ; 0 (0)        ; 4096        ; 0            ; 0       ; 0         ; 0    ; 0            ; |processador|data_d:Memoria_Dados|altsyncram:mem_rtl_0                                ; work         ;
;          |altsyncram_dqi1:auto_generated| ; 0 (0)             ; 0 (0)        ; 4096        ; 0            ; 0       ; 0         ; 0    ; 0            ; |processador|data_d:Memoria_Dados|altsyncram:mem_rtl_0|altsyncram_dqi1:auto_generated ; work         ;
;    |data_i:Memoria_Instruncao|            ; 93 (93)           ; 0 (0)        ; 0           ; 0            ; 0       ; 0         ; 0    ; 0            ; |processador|data_i:Memoria_Instruncao                                                ; work         ;
;    |unidade_de_controle:Unidade_Controle| ; 90 (0)            ; 78 (0)       ; 0           ; 0            ; 0       ; 0         ; 0    ; 0            ; |processador|unidade_de_controle:Unidade_Controle                                     ; work         ;
;       |FSM:FSM_c|                         ; 41 (41)           ; 47 (47)      ; 0           ; 0            ; 0       ; 0         ; 0    ; 0            ; |processador|unidade_de_controle:Unidade_Controle|FSM:FSM_c                           ; work         ;
;       |PC:count_PC|                       ; 17 (17)           ; 16 (16)      ; 0           ; 0            ; 0       ; 0         ; 0    ; 0            ; |processador|unidade_de_controle:Unidade_Controle|PC:count_PC                         ; work         ;
;       |ir:reg_ir|                         ; 0 (0)             ; 15 (15)      ; 0           ; 0            ; 0       ; 0         ; 0    ; 0            ; |processador|unidade_de_controle:Unidade_Controle|ir:reg_ir                           ; work         ;
;       |sum:somador|                       ; 32 (32)           ; 0 (0)        ; 0           ; 0            ; 0       ; 0         ; 0    ; 0            ; |processador|unidade_de_controle:Unidade_Controle|sum:somador                         ; work         ;
+-------------------------------------------+-------------------+--------------+-------------+--------------+---------+-----------+------+--------------+---------------------------------------------------------------------------------------+--------------+
Note: For table entries with two numbers listed, the numbers in parentheses indicate the number of resources of the given type used by the specific entity alone. The numbers listed outside of parentheses indicate the total resources of the given type used by the specific entity and all of its sub-entities in the hierarchy.


+--------------------------------------------------------------------------------------------------------------------------------------------------------------------------------------------------------------------------------+
; Analysis & Synthesis RAM Summary                                                                                                                                                                                               ;
+-------------------------------------------------------------------------------------+------+------------------+--------------+--------------+--------------+--------------+------+---------------------------------------------+
; Name                                                                                ; Type ; Mode             ; Port A Depth ; Port A Width ; Port B Depth ; Port B Width ; Size ; MIF                                         ;
+-------------------------------------------------------------------------------------+------+------------------+--------------+--------------+--------------+--------------+------+---------------------------------------------+
; data_d:Memoria_Dados|altsyncram:mem_rtl_0|altsyncram_dqi1:auto_generated|ALTSYNCRAM ; AUTO ; Simple Dual Port ; 256          ; 16           ; 256          ; 16           ; 4096 ; db/processador.ram0_data_d_c8e23a99.hdl.mif ;
+-------------------------------------------------------------------------------------+------+------------------+--------------+--------------+--------------+--------------+------+---------------------------------------------+


Encoding Type:  One-Hot
+---------------------------------------------------------------------------------------------------------------------------------------------------------------------------------------------------------------------------+
; State Machine - |processador|unidade_de_controle:Unidade_Controle|FSM:FSM_c|estado                                                                                                                                        ;
+---------------------------+----------------------+--------------+---------------+-----------------------+-----------------+---------------------------+--------------+------------------+-----------------+---------------+
; Name                      ; estado.decodificacao ; estado.busca ; estado.saltar ; estado.saltar_se_zero ; estado.subtrair ; estado.carregar_constante ; estado.somar ; estado.armazenar ; estado.carregar ; estado.inicio ;
+---------------------------+----------------------+--------------+---------------+-----------------------+-----------------+---------------------------+--------------+------------------+-----------------+---------------+
; estado.inicio             ; 0                    ; 0            ; 0             ; 0                     ; 0               ; 0                         ; 0            ; 0                ; 0               ; 0             ;
; estado.carregar           ; 0                    ; 0            ; 0             ; 0                     ; 0               ; 0                         ; 0            ; 0                ; 1               ; 1             ;
; estado.armazenar          ; 0                    ; 0            ; 0             ; 0                     ; 0               ; 0                         ; 0            ; 1                ; 0               ; 1             ;
; estado.somar              ; 0                    ; 0            ; 0             ; 0                     ; 0               ; 0                         ; 1            ; 0                ; 0               ; 1             ;
; estado.carregar_constante ; 0                    ; 0            ; 0             ; 0                     ; 0               ; 1                         ; 0            ; 0                ; 0               ; 1             ;
; estado.subtrair           ; 0                    ; 0            ; 0             ; 0                     ; 1               ; 0                         ; 0            ; 0                ; 0               ; 1             ;
; estado.saltar_se_zero     ; 0                    ; 0            ; 0             ; 1                     ; 0               ; 0                         ; 0            ; 0                ; 0               ; 1             ;
; estado.saltar             ; 0                    ; 0            ; 1             ; 0                     ; 0               ; 0                         ; 0            ; 0                ; 0               ; 1             ;
; estado.busca              ; 0                    ; 1            ; 0             ; 0                     ; 0               ; 0                         ; 0            ; 0                ; 0               ; 1             ;
; estado.decodificacao      ; 1                    ; 0            ; 0             ; 0                     ; 0               ; 0                         ; 0            ; 0                ; 0               ; 1             ;
+---------------------------+----------------------+--------------+---------------+-----------------------+-----------------+---------------------------+--------------+------------------+-----------------+---------------+


+-------------------------------------------------------------------------------------------------------------------------------------+
; User-Specified and Inferred Latches                                                                                                 ;
+-----------------------------------------------------+------------------------------------------------------+------------------------+
; Latch Name                                          ; Latch Enable Signal                                  ; Free of Timing Hazards ;
+-----------------------------------------------------+------------------------------------------------------+------------------------+
; data_i:Memoria_Instruncao|data[0]                   ; unidade_de_controle:Unidade_Controle|FSM:FSM_c|IR_ld ; yes                    ;
; data_i:Memoria_Instruncao|data[1]                   ; unidade_de_controle:Unidade_Controle|FSM:FSM_c|IR_ld ; yes                    ;
; data_i:Memoria_Instruncao|data[2]                   ; unidade_de_controle:Unidade_Controle|FSM:FSM_c|IR_ld ; yes                    ;
; data_i:Memoria_Instruncao|data[3]                   ; unidade_de_controle:Unidade_Controle|FSM:FSM_c|IR_ld ; yes                    ;
; data_i:Memoria_Instruncao|data[4]                   ; unidade_de_controle:Unidade_Controle|FSM:FSM_c|IR_ld ; yes                    ;
; data_i:Memoria_Instruncao|data[5]                   ; unidade_de_controle:Unidade_Controle|FSM:FSM_c|IR_ld ; yes                    ;
; data_i:Memoria_Instruncao|data[6]                   ; unidade_de_controle:Unidade_Controle|FSM:FSM_c|IR_ld ; yes                    ;
; data_i:Memoria_Instruncao|data[7]                   ; unidade_de_controle:Unidade_Controle|FSM:FSM_c|IR_ld ; yes                    ;
; data_i:Memoria_Instruncao|data[8]                   ; unidade_de_controle:Unidade_Controle|FSM:FSM_c|IR_ld ; yes                    ;
; data_i:Memoria_Instruncao|data[9]                   ; unidade_de_controle:Unidade_Controle|FSM:FSM_c|IR_ld ; yes                    ;
; data_i:Memoria_Instruncao|data[10]                  ; unidade_de_controle:Unidade_Controle|FSM:FSM_c|IR_ld ; yes                    ;
; data_i:Memoria_Instruncao|data[11]                  ; unidade_de_controle:Unidade_Controle|FSM:FSM_c|IR_ld ; yes                    ;
; data_i:Memoria_Instruncao|data[12]                  ; unidade_de_controle:Unidade_Controle|FSM:FSM_c|IR_ld ; yes                    ;
; data_i:Memoria_Instruncao|data[13]                  ; unidade_de_controle:Unidade_Controle|FSM:FSM_c|IR_ld ; yes                    ;
; data_i:Memoria_Instruncao|data[14]                  ; unidade_de_controle:Unidade_Controle|FSM:FSM_c|IR_ld ; yes                    ;
; bloco_operacional:Bloco_OP|mux:m|mo[0]              ; bloco_operacional:Bloco_OP|mux:m|mo[15]              ; yes                    ;
; bloco_operacional:Bloco_OP|mux:m|mo[1]              ; bloco_operacional:Bloco_OP|mux:m|mo[15]              ; yes                    ;
; bloco_operacional:Bloco_OP|mux:m|mo[2]              ; bloco_operacional:Bloco_OP|mux:m|mo[15]              ; yes                    ;
; bloco_operacional:Bloco_OP|mux:m|mo[3]              ; bloco_operacional:Bloco_OP|mux:m|mo[15]              ; yes                    ;
; bloco_operacional:Bloco_OP|mux:m|mo[4]              ; bloco_operacional:Bloco_OP|mux:m|mo[15]              ; yes                    ;
; bloco_operacional:Bloco_OP|mux:m|mo[5]              ; bloco_operacional:Bloco_OP|mux:m|mo[15]              ; yes                    ;
; bloco_operacional:Bloco_OP|mux:m|mo[6]              ; bloco_operacional:Bloco_OP|mux:m|mo[15]              ; yes                    ;
; bloco_operacional:Bloco_OP|mux:m|mo[7]              ; bloco_operacional:Bloco_OP|mux:m|mo[15]              ; yes                    ;
; bloco_operacional:Bloco_OP|mux:m|mo[8]              ; bloco_operacional:Bloco_OP|mux:m|mo[15]              ; yes                    ;
; bloco_operacional:Bloco_OP|mux:m|mo[9]              ; bloco_operacional:Bloco_OP|mux:m|mo[15]              ; yes                    ;
; bloco_operacional:Bloco_OP|mux:m|mo[10]             ; bloco_operacional:Bloco_OP|mux:m|mo[15]              ; yes                    ;
; bloco_operacional:Bloco_OP|mux:m|mo[11]             ; bloco_operacional:Bloco_OP|mux:m|mo[15]              ; yes                    ;
; bloco_operacional:Bloco_OP|mux:m|mo[12]             ; bloco_operacional:Bloco_OP|mux:m|mo[15]              ; yes                    ;
; bloco_operacional:Bloco_OP|mux:m|mo[13]             ; bloco_operacional:Bloco_OP|mux:m|mo[15]              ; yes                    ;
; bloco_operacional:Bloco_OP|mux:m|mo[14]             ; bloco_operacional:Bloco_OP|mux:m|mo[15]              ; yes                    ;
; bloco_operacional:Bloco_OP|mux:m|mo[15]             ; bloco_operacional:Bloco_OP|mux:m|mo[15]              ; yes                    ;
; Number of user-specified and inferred latches = 31  ;                                                      ;                        ;
+-----------------------------------------------------+------------------------------------------------------+------------------------+
Note: All latches listed above may not be present at the end of synthesis due to various synthesis optimizations.


+------------------------------------------------------------------------------------------------------------------------------+
; Registers Removed During Synthesis                                                                                           ;
+-----------------------------------------------------------+------------------------------------------------------------------+
; Register name                                             ; Reason for Removal                                               ;
+-----------------------------------------------------------+------------------------------------------------------------------+
; unidade_de_controle:Unidade_Controle|FSM:FSM_c|I_rd       ; Merged with unidade_de_controle:Unidade_Controle|FSM:FSM_c|IR_ld ;
; unidade_de_controle:Unidade_Controle|ir:reg_ir|IR_out[15] ; Stuck at GND due to stuck port data_in                           ;
; Total Number of Removed Registers = 2                     ;                                                                  ;
+-----------------------------------------------------------+------------------------------------------------------------------+


+------------------------------------------------------+
; General Register Statistics                          ;
+----------------------------------------------+-------+
; Statistic                                    ; Value ;
+----------------------------------------------+-------+
; Total registers                              ; 366   ;
; Number of registers using Synchronous Clear  ; 0     ;
; Number of registers using Synchronous Load   ; 0     ;
; Number of registers using Asynchronous Clear ; 26    ;
; Number of registers using Asynchronous Load  ; 0     ;
; Number of registers using Clock Enable       ; 356   ;
; Number of registers using Preset             ; 0     ;
+----------------------------------------------+-------+


+----------------------------------------------------------------------------+
; Registers Packed Into Inferred Megafunctions                               ;
+------------------------------------+--------------------------------+------+
; Register Name                      ; Megafunction                   ; Type ;
+------------------------------------+--------------------------------+------+
; data_d:Memoria_Dados|R_data[0..15] ; data_d:Memoria_Dados|mem_rtl_0 ; RAM  ;
+------------------------------------+--------------------------------+------+


+-----------------------------------------------------------------------------------------------------------------------------------------------------------------------------------------+
; Multiplexer Restructuring Statistics (Restructuring Performed)                                                                                                                          ;
+--------------------+-----------+---------------+----------------------+------------------------+------------+---------------------------------------------------------------------------+
; Multiplexer Inputs ; Bus Width ; Baseline Area ; Area if Restructured ; Saving if Restructured ; Registered ; Example Multiplexer Output                                                ;
+--------------------+-----------+---------------+----------------------+------------------------+------------+---------------------------------------------------------------------------+
; 3:1                ; 16 bits   ; 32 LEs        ; 0 LEs                ; 32 LEs                 ; Yes        ; |processador|unidade_de_controle:Unidade_Controle|PC:count_PC|contador[4] ;
; 3:1                ; 4 bits    ; 8 LEs         ; 4 LEs                ; 4 LEs                  ; Yes        ; |processador|unidade_de_controle:Unidade_Controle|FSM:FSM_c|RF_Rp_addr[1] ;
; 9:1                ; 6 bits    ; 36 LEs        ; 30 LEs               ; 6 LEs                  ; No         ; |processador|unidade_de_controle:Unidade_Controle|FSM:FSM_c|estado        ;
; 5:1                ; 8 bits    ; 24 LEs        ; 16 LEs               ; 8 LEs                  ; No         ; |processador|bloco_operacional:Bloco_OP|mux:m|mo[10]                      ;
; 5:1                ; 8 bits    ; 24 LEs        ; 16 LEs               ; 8 LEs                  ; No         ; |processador|bloco_operacional:Bloco_OP|mux:m|mo[1]                       ;
+--------------------+-----------+---------------+----------------------+------------------------+------------+---------------------------------------------------------------------------+


+-------------------------------------------------------------------------------------------------+
; Source assignments for data_d:Memoria_Dados|altsyncram:mem_rtl_0|altsyncram_dqi1:auto_generated ;
+---------------------------------+--------------------+------+-----------------------------------+
; Assignment                      ; Value              ; From ; To                                ;
+---------------------------------+--------------------+------+-----------------------------------+
; OPTIMIZE_POWER_DURING_SYNTHESIS ; NORMAL_COMPILATION ; -    ; -                                 ;
+---------------------------------+--------------------+------+-----------------------------------+


+---------------------------------------------------------------------------------------------------+
; Parameter Settings for Inferred Entity Instance: data_d:Memoria_Dados|altsyncram:mem_rtl_0        ;
+------------------------------------+---------------------------------------------+----------------+
; Parameter Name                     ; Value                                       ; Type           ;
+------------------------------------+---------------------------------------------+----------------+
; BYTE_SIZE_BLOCK                    ; 8                                           ; Untyped        ;
; AUTO_CARRY_CHAINS                  ; ON                                          ; AUTO_CARRY     ;
; IGNORE_CARRY_BUFFERS               ; OFF                                         ; IGNORE_CARRY   ;
; AUTO_CASCADE_CHAINS                ; ON                                          ; AUTO_CASCADE   ;
; IGNORE_CASCADE_BUFFERS             ; OFF                                         ; IGNORE_CASCADE ;
; WIDTH_BYTEENA                      ; 1                                           ; Untyped        ;
; OPERATION_MODE                     ; DUAL_PORT                                   ; Untyped        ;
; WIDTH_A                            ; 16                                          ; Untyped        ;
; WIDTHAD_A                          ; 8                                           ; Untyped        ;
; NUMWORDS_A                         ; 256                                         ; Untyped        ;
; OUTDATA_REG_A                      ; UNREGISTERED                                ; Untyped        ;
; ADDRESS_ACLR_A                     ; NONE                                        ; Untyped        ;
; OUTDATA_ACLR_A                     ; NONE                                        ; Untyped        ;
; WRCONTROL_ACLR_A                   ; NONE                                        ; Untyped        ;
; INDATA_ACLR_A                      ; NONE                                        ; Untyped        ;
; BYTEENA_ACLR_A                     ; NONE                                        ; Untyped        ;
; WIDTH_B                            ; 16                                          ; Untyped        ;
; WIDTHAD_B                          ; 8                                           ; Untyped        ;
; NUMWORDS_B                         ; 256                                         ; Untyped        ;
; INDATA_REG_B                       ; CLOCK1                                      ; Untyped        ;
; WRCONTROL_WRADDRESS_REG_B          ; CLOCK1                                      ; Untyped        ;
; RDCONTROL_REG_B                    ; CLOCK1                                      ; Untyped        ;
; ADDRESS_REG_B                      ; CLOCK1                                      ; Untyped        ;
; OUTDATA_REG_B                      ; UNREGISTERED                                ; Untyped        ;
; BYTEENA_REG_B                      ; CLOCK1                                      ; Untyped        ;
; INDATA_ACLR_B                      ; NONE                                        ; Untyped        ;
; WRCONTROL_ACLR_B                   ; NONE                                        ; Untyped        ;
; ADDRESS_ACLR_B                     ; NONE                                        ; Untyped        ;
; OUTDATA_ACLR_B                     ; NONE                                        ; Untyped        ;
; RDCONTROL_ACLR_B                   ; NONE                                        ; Untyped        ;
; BYTEENA_ACLR_B                     ; NONE                                        ; Untyped        ;
; WIDTH_BYTEENA_A                    ; 1                                           ; Untyped        ;
; WIDTH_BYTEENA_B                    ; 1                                           ; Untyped        ;
; RAM_BLOCK_TYPE                     ; AUTO                                        ; Untyped        ;
; BYTE_SIZE                          ; 8                                           ; Untyped        ;
; READ_DURING_WRITE_MODE_MIXED_PORTS ; DONT_CARE                                   ; Untyped        ;
; READ_DURING_WRITE_MODE_PORT_A      ; NEW_DATA_NO_NBE_READ                        ; Untyped        ;
; READ_DURING_WRITE_MODE_PORT_B      ; NEW_DATA_NO_NBE_READ                        ; Untyped        ;
; INIT_FILE                          ; db/processador.ram0_data_d_c8e23a99.hdl.mif ; Untyped        ;
; INIT_FILE_LAYOUT                   ; PORT_A                                      ; Untyped        ;
; MAXIMUM_DEPTH                      ; 0                                           ; Untyped        ;
; CLOCK_ENABLE_INPUT_A               ; NORMAL                                      ; Untyped        ;
; CLOCK_ENABLE_INPUT_B               ; NORMAL                                      ; Untyped        ;
; CLOCK_ENABLE_OUTPUT_A              ; NORMAL                                      ; Untyped        ;
; CLOCK_ENABLE_OUTPUT_B              ; NORMAL                                      ; Untyped        ;
; CLOCK_ENABLE_CORE_A                ; USE_INPUT_CLKEN                             ; Untyped        ;
; CLOCK_ENABLE_CORE_B                ; USE_INPUT_CLKEN                             ; Untyped        ;
; ENABLE_ECC                         ; FALSE                                       ; Untyped        ;
; ECC_PIPELINE_STAGE_ENABLED         ; FALSE                                       ; Untyped        ;
; WIDTH_ECCSTATUS                    ; 3                                           ; Untyped        ;
; DEVICE_FAMILY                      ; Cyclone IV E                                ; Untyped        ;
; CBXI_PARAMETER                     ; altsyncram_dqi1                             ; Untyped        ;
+------------------------------------+---------------------------------------------+----------------+
Note: In order to hide this table in the UI and the text report file, please set the "Show Parameter Settings in Synthesis Report" option in "Analysis and Synthesis Settings -> More Settings" to "Off".


+---------------------------------------------------------------------------------------+
; altsyncram Parameter Settings by Entity Instance                                      ;
+-------------------------------------------+-------------------------------------------+
; Name                                      ; Value                                     ;
+-------------------------------------------+-------------------------------------------+
; Number of entity instances                ; 1                                         ;
; Entity Instance                           ; data_d:Memoria_Dados|altsyncram:mem_rtl_0 ;
;     -- OPERATION_MODE                     ; DUAL_PORT                                 ;
;     -- WIDTH_A                            ; 16                                        ;
;     -- NUMWORDS_A                         ; 256                                       ;
;     -- OUTDATA_REG_A                      ; UNREGISTERED                              ;
;     -- WIDTH_B                            ; 16                                        ;
;     -- NUMWORDS_B                         ; 256                                       ;
;     -- ADDRESS_REG_B                      ; CLOCK1                                    ;
;     -- OUTDATA_REG_B                      ; UNREGISTERED                              ;
;     -- RAM_BLOCK_TYPE                     ; AUTO                                      ;
;     -- READ_DURING_WRITE_MODE_MIXED_PORTS ; DONT_CARE                                 ;
+-------------------------------------------+-------------------------------------------+


+------------------------------------------------------------------------------+
; Port Connectivity Checks: "unidade_de_controle:Unidade_Controle|sum:somador" ;
+----------+-------+----------+------------------------------------------------+
; Port     ; Type  ; Severity ; Details                                        ;
+----------+-------+----------+------------------------------------------------+
; a[15..8] ; Input ; Info     ; Stuck at GND                                   ;
+----------+-------+----------+------------------------------------------------+


+-------------------------------+
; Elapsed Time Per Partition    ;
+----------------+--------------+
; Partition Name ; Elapsed Time ;
+----------------+--------------+
; Top            ; 00:00:01     ;
+----------------+--------------+


+-------------------------------+
; Analysis & Synthesis Messages ;
+-------------------------------+
Info: *******************************************************************
Info: Running Quartus II 64-Bit Analysis & Synthesis
    Info: Version 13.0.1 Build 232 06/12/2013 Service Pack 1 SJ Web Edition
    Info: Processing started: Tue Apr 05 17:11:53 2022
Info: Command: quartus_map --read_settings_files=on --write_settings_files=off processador -c processador
Warning (20028): Parallel compilation is not licensed and has been disabled
Warning (12090): Entity "mux" obtained from "processador.vhd" instead of from Quartus II megafunction library
Info (12021): Found 26 design units, including 13 entities, in source file processador.vhd
    Info (12022): Found design unit 1: processador-behavior_processador
    Info (12022): Found design unit 2: data_i-behavior_data_i
    Info (12022): Found design unit 3: data_d-behavior_data_d
    Info (12022): Found design unit 4: unidade_de_controle-behavior_uc
    Info (12022): Found design unit 5: sum-behavior_sum
    Info (12022): Found design unit 6: ir-behavior_ir
    Info (12022): Found design unit 7: PC-behavior_pc
    Info (12022): Found design unit 8: FSM-behavior
    Info (12022): Found design unit 9: bloco_operacional-behavior_bloco_operacional
    Info (12022): Found design unit 10: mux-behavior_mux
    Info (12022): Found design unit 11: data_op-behavior_data_op
    Info (12022): Found design unit 12: ULA-Behavior
    Info (12022): Found design unit 13: RF_Rp-behavior_RF_Rp
    Info (12023): Found entity 1: processador
    Info (12023): Found entity 2: data_i
    Info (12023): Found entity 3: data_d
    Info (12023): Found entity 4: unidade_de_controle
    Info (12023): Found entity 5: sum
    Info (12023): Found entity 6: ir
    Info (12023): Found entity 7: PC
    Info (12023): Found entity 8: FSM
    Info (12023): Found entity 9: bloco_operacional
    Info (12023): Found entity 10: mux
    Info (12023): Found entity 11: data_op
    Info (12023): Found entity 12: ULA
    Info (12023): Found entity 13: RF_Rp
Info (12127): Elaborating entity "processador" for the top level hierarchy
Info (12128): Elaborating entity "data_i" for hierarchy "data_i:Memoria_Instruncao"
Warning (10492): VHDL Process Statement warning at processador.vhd(189): signal "mem_i" is read inside the Process Statement but isn't in the Process Statement's sensitivity list
Warning (10492): VHDL Process Statement warning at processador.vhd(189): signal "addr_s" is read inside the Process Statement but isn't in the Process Statement's sensitivity list
Warning (10631): VHDL Process Statement warning at processador.vhd(157): inferring latch(es) for signal or variable "data", which holds its previous value in one or more paths through the process
Warning (10873): Using initial value X (don't care) for net "mem_i[18..38]" at processador.vhd(153)
Warning (10873): Using initial value X (don't care) for net "mem_i[43..51]" at processador.vhd(153)
Warning (10873): Using initial value X (don't care) for net "mem_i[56..64]" at processador.vhd(153)
Warning (10873): Using initial value X (don't care) for net "mem_i[69..100]" at processador.vhd(153)
Info (10041): Inferred latch for "data[0]" at processador.vhd(157)
Info (10041): Inferred latch for "data[1]" at processador.vhd(157)
Info (10041): Inferred latch for "data[2]" at processador.vhd(157)
Info (10041): Inferred latch for "data[3]" at processador.vhd(157)
Info (10041): Inferred latch for "data[4]" at processador.vhd(157)
Info (10041): Inferred latch for "data[5]" at processador.vhd(157)
Info (10041): Inferred latch for "data[6]" at processador.vhd(157)
Info (10041): Inferred latch for "data[7]" at processador.vhd(157)
Info (10041): Inferred latch for "data[8]" at processador.vhd(157)
Info (10041): Inferred latch for "data[9]" at processador.vhd(157)
Info (10041): Inferred latch for "data[10]" at processador.vhd(157)
Info (10041): Inferred latch for "data[11]" at processador.vhd(157)
Info (10041): Inferred latch for "data[12]" at processador.vhd(157)
Info (10041): Inferred latch for "data[13]" at processador.vhd(157)
Info (10041): Inferred latch for "data[14]" at processador.vhd(157)
Info (10041): Inferred latch for "data[15]" at processador.vhd(157)
Info (12128): Elaborating entity "data_d" for hierarchy "data_d:Memoria_Dados"
Warning (10492): VHDL Process Statement warning at processador.vhd(236): signal "addr" is read inside the Process Statement but isn't in the Process Statement's sensitivity list
Warning (10492): VHDL Process Statement warning at processador.vhd(237): signal "wr" is read inside the Process Statement but isn't in the Process Statement's sensitivity list
Warning (10492): VHDL Process Statement warning at processador.vhd(239): signal "rd" is read inside the Process Statement but isn't in the Process Statement's sensitivity list
Warning (10873): Using initial value X (don't care) for net "mem.raddr_a" at processador.vhd(211)
Info (12128): Elaborating entity "unidade_de_controle" for hierarchy "unidade_de_controle:Unidade_Controle"
Info (12128): Elaborating entity "sum" for hierarchy "unidade_de_controle:Unidade_Controle|sum:somador"
Info (12128): Elaborating entity "ir" for hierarchy "unidade_de_controle:Unidade_Controle|ir:reg_ir"
Warning (10492): VHDL Process Statement warning at processador.vhd(391): signal "IR_out" is read inside the Process Statement but isn't in the Process Statement's sensitivity list
Info (12128): Elaborating entity "PC" for hierarchy "unidade_de_controle:Unidade_Controle|PC:count_PC"
Warning (10492): VHDL Process Statement warning at processador.vhd(419): signal "contador" is read inside the Process Statement but isn't in the Process Statement's sensitivity list
Info (12128): Elaborating entity "FSM" for hierarchy "unidade_de_controle:Unidade_Controle|FSM:FSM_c"
Info (12128): Elaborating entity "bloco_operacional" for hierarchy "bloco_operacional:Bloco_OP"
Info (12128): Elaborating entity "mux" for hierarchy "bloco_operacional:Bloco_OP|mux:m"
Warning (10492): VHDL Process Statement warning at processador.vhd(762): signal "m0" is read inside the Process Statement but isn't in the Process Statement's sensitivity list
Warning (10492): VHDL Process Statement warning at processador.vhd(764): signal "m1" is read inside the Process Statement but isn't in the Process Statement's sensitivity list
Warning (10492): VHDL Process Statement warning at processador.vhd(766): signal "m2" is read inside the Process Statement but isn't in the Process Statement's sensitivity list
Warning (10631): VHDL Process Statement warning at processador.vhd(760): inferring latch(es) for signal or variable "mo", which holds its previous value in one or more paths through the process
Info (10041): Inferred latch for "mo[0]" at processador.vhd(760)
Info (10041): Inferred latch for "mo[1]" at processador.vhd(760)
Info (10041): Inferred latch for "mo[2]" at processador.vhd(760)
Info (10041): Inferred latch for "mo[3]" at processador.vhd(760)
Info (10041): Inferred latch for "mo[4]" at processador.vhd(760)
Info (10041): Inferred latch for "mo[5]" at processador.vhd(760)
Info (10041): Inferred latch for "mo[6]" at processador.vhd(760)
Info (10041): Inferred latch for "mo[7]" at processador.vhd(760)
Info (10041): Inferred latch for "mo[8]" at processador.vhd(760)
Info (10041): Inferred latch for "mo[9]" at processador.vhd(760)
Info (10041): Inferred latch for "mo[10]" at processador.vhd(760)
Info (10041): Inferred latch for "mo[11]" at processador.vhd(760)
Info (10041): Inferred latch for "mo[12]" at processador.vhd(760)
Info (10041): Inferred latch for "mo[13]" at processador.vhd(760)
Info (10041): Inferred latch for "mo[14]" at processador.vhd(760)
Info (10041): Inferred latch for "mo[15]" at processador.vhd(760)
Info (12128): Elaborating entity "data_op" for hierarchy "bloco_operacional:Bloco_OP|data_op:RF"
Warning (10036): Verilog HDL or VHDL warning at processador.vhd(791): object "addr_Rp" assigned a value but never read
Warning (10492): VHDL Process Statement warning at processador.vhd(795): signal "W_addr" is read inside the Process Statement but isn't in the Process Statement's sensitivity list
Warning (10492): VHDL Process Statement warning at processador.vhd(796): signal "Rp_addr" is read inside the Process Statement but isn't in the Process Statement's sensitivity list
Warning (10492): VHDL Process Statement warning at processador.vhd(797): signal "Rq_addr" is read inside the Process Statement but isn't in the Process Statement's sensitivity list
Warning (10492): VHDL Process Statement warning at processador.vhd(798): signal "Rq_rd" is read inside the Process Statement but isn't in the Process Statement's sensitivity list
Warning (10492): VHDL Process Statement warning at processador.vhd(800): signal "Rp_rd" is read inside the Process Statement but isn't in the Process Statement's sensitivity list
Warning (10492): VHDL Process Statement warning at processador.vhd(802): signal "W_wr" is read inside the Process Statement but isn't in the Process Statement's sensitivity list
Info (12128): Elaborating entity "ULA" for hierarchy "bloco_operacional:Bloco_OP|ULA:OP"
Warning (10492): VHDL Process Statement warning at processador.vhd(823): signal "A" is read inside the Process Statement but isn't in the Process Statement's sensitivity list
Warning (10492): VHDL Process Statement warning at processador.vhd(825): signal "A" is read inside the Process Statement but isn't in the Process Statement's sensitivity list
Warning (10492): VHDL Process Statement warning at processador.vhd(825): signal "B" is read inside the Process Statement but isn't in the Process Statement's sensitivity list
Warning (10492): VHDL Process Statement warning at processador.vhd(827): signal "A" is read inside the Process Statement but isn't in the Process Statement's sensitivity list
Warning (10492): VHDL Process Statement warning at processador.vhd(827): signal "B" is read inside the Process Statement but isn't in the Process Statement's sensitivity list
Info (12128): Elaborating entity "RF_Rp" for hierarchy "bloco_operacional:Bloco_OP|RF_Rp:Porta_nor"
Warning (13046): Tri-state node(s) do not directly drive top-level pin(s)
    Warning (13049): Converted tri-state buffer "bloco_operacional:Bloco_OP|ULA:OP|O[0]" feeding internal logic into a wire
    Warning (13049): Converted tri-state buffer "bloco_operacional:Bloco_OP|ULA:OP|O[1]" feeding internal logic into a wire
    Warning (13049): Converted tri-state buffer "bloco_operacional:Bloco_OP|ULA:OP|O[2]" feeding internal logic into a wire
    Warning (13049): Converted tri-state buffer "bloco_operacional:Bloco_OP|ULA:OP|O[3]" feeding internal logic into a wire
    Warning (13049): Converted tri-state buffer "bloco_operacional:Bloco_OP|ULA:OP|O[4]" feeding internal logic into a wire
    Warning (13049): Converted tri-state buffer "bloco_operacional:Bloco_OP|ULA:OP|O[5]" feeding internal logic into a wire
    Warning (13049): Converted tri-state buffer "bloco_operacional:Bloco_OP|ULA:OP|O[6]" feeding internal logic into a wire
    Warning (13049): Converted tri-state buffer "bloco_operacional:Bloco_OP|ULA:OP|O[7]" feeding internal logic into a wire
    Warning (13049): Converted tri-state buffer "bloco_operacional:Bloco_OP|ULA:OP|O[8]" feeding internal logic into a wire
    Warning (13049): Converted tri-state buffer "bloco_operacional:Bloco_OP|ULA:OP|O[9]" feeding internal logic into a wire
    Warning (13049): Converted tri-state buffer "bloco_operacional:Bloco_OP|ULA:OP|O[10]" feeding internal logic into a wire
    Warning (13049): Converted tri-state buffer "bloco_operacional:Bloco_OP|ULA:OP|O[11]" feeding internal logic into a wire
    Warning (13049): Converted tri-state buffer "bloco_operacional:Bloco_OP|ULA:OP|O[12]" feeding internal logic into a wire
    Warning (13049): Converted tri-state buffer "bloco_operacional:Bloco_OP|ULA:OP|O[13]" feeding internal logic into a wire
    Warning (13049): Converted tri-state buffer "bloco_operacional:Bloco_OP|ULA:OP|O[14]" feeding internal logic into a wire
    Warning (13049): Converted tri-state buffer "bloco_operacional:Bloco_OP|ULA:OP|O[15]" feeding internal logic into a wire
Warning (276027): Inferred dual-clock RAM node "data_d:Memoria_Dados|mem_rtl_0" from synchronous design logic.  The read-during-write behavior of a dual-clock RAM is undefined and may not match the behavior of the original design.
Info (276014): Found 1 instances of uninferred RAM logic
    Info (276007): RAM logic "bloco_operacional:Bloco_OP|data_op:RF|reg" is uninferred due to asynchronous read logic
Info (19000): Inferred 1 megafunctions from design logic
    Info (276029): Inferred altsyncram megafunction from the following design logic: "data_d:Memoria_Dados|mem_rtl_0" 
        Info (286033): Parameter OPERATION_MODE set to DUAL_PORT
        Info (286033): Parameter WIDTH_A set to 16
        Info (286033): Parameter WIDTHAD_A set to 8
        Info (286033): Parameter NUMWORDS_A set to 256
        Info (286033): Parameter WIDTH_B set to 16
        Info (286033): Parameter WIDTHAD_B set to 8
        Info (286033): Parameter NUMWORDS_B set to 256
        Info (286033): Parameter ADDRESS_ACLR_A set to NONE
        Info (286033): Parameter OUTDATA_REG_B set to UNREGISTERED
        Info (286033): Parameter ADDRESS_ACLR_B set to NONE
        Info (286033): Parameter OUTDATA_ACLR_B set to NONE
        Info (286033): Parameter ADDRESS_REG_B set to CLOCK1
        Info (286033): Parameter INDATA_ACLR_A set to NONE
        Info (286033): Parameter WRCONTROL_ACLR_A set to NONE
        Info (286033): Parameter INIT_FILE set to db/processador.ram0_data_d_c8e23a99.hdl.mif
Info (12130): Elaborated megafunction instantiation "data_d:Memoria_Dados|altsyncram:mem_rtl_0"
Info (12133): Instantiated megafunction "data_d:Memoria_Dados|altsyncram:mem_rtl_0" with the following parameter:
    Info (12134): Parameter "OPERATION_MODE" = "DUAL_PORT"
    Info (12134): Parameter "WIDTH_A" = "16"
    Info (12134): Parameter "WIDTHAD_A" = "8"
    Info (12134): Parameter "NUMWORDS_A" = "256"
    Info (12134): Parameter "WIDTH_B" = "16"
    Info (12134): Parameter "WIDTHAD_B" = "8"
    Info (12134): Parameter "NUMWORDS_B" = "256"
    Info (12134): Parameter "ADDRESS_ACLR_A" = "NONE"
    Info (12134): Parameter "OUTDATA_REG_B" = "UNREGISTERED"
    Info (12134): Parameter "ADDRESS_ACLR_B" = "NONE"
    Info (12134): Parameter "OUTDATA_ACLR_B" = "NONE"
    Info (12134): Parameter "ADDRESS_REG_B" = "CLOCK1"
    Info (12134): Parameter "INDATA_ACLR_A" = "NONE"
    Info (12134): Parameter "WRCONTROL_ACLR_A" = "NONE"
    Info (12134): Parameter "INIT_FILE" = "db/processador.ram0_data_d_c8e23a99.hdl.mif"
Info (12021): Found 1 design units, including 1 entities, in source file db/altsyncram_dqi1.tdf
    Info (12023): Found entity 1: altsyncram_dqi1
Warning (13046): Tri-state node(s) do not directly drive top-level pin(s)
    Warning (13047): Converted the fan-out from the tri-state buffer "unidade_de_controle:Unidade_Controle|FSM:FSM_c|RF_s1" to the node "bloco_operacional:Bloco_OP|mux:m|process_0" into an OR gate
    Warning (13047): Converted the fan-out from the tri-state buffer "unidade_de_controle:Unidade_Controle|FSM:FSM_c|RF_s0" to the node "bloco_operacional:Bloco_OP|mux:m|process_0" into an OR gate
    Warning (13047): Converted the fan-out from the tri-state buffer "unidade_de_controle:Unidade_Controle|FSM:FSM_c|alu_s0" to the node "bloco_operacional:Bloco_OP|mux:m|mo[1]" into an OR gate
    Warning (13047): Converted the fan-out from the tri-state buffer "unidade_de_controle:Unidade_Controle|FSM:FSM_c|alu_s1" to the node "bloco_operacional:Bloco_OP|mux:m|mo[1]" into an OR gate
Warning (13012): Latch bloco_operacional:Bloco_OP|mux:m|mo[0] has unsafe behavior
    Warning (13013): Ports D and ENA on the latch are fed by the same signal unidade_de_controle:Unidade_Controle|FSM:FSM_c|RF_s1~reg0
Warning (13012): Latch bloco_operacional:Bloco_OP|mux:m|mo[1] has unsafe behavior
    Warning (13013): Ports D and ENA on the latch are fed by the same signal unidade_de_controle:Unidade_Controle|FSM:FSM_c|RF_s1~reg0
Warning (13012): Latch bloco_operacional:Bloco_OP|mux:m|mo[2] has unsafe behavior
    Warning (13013): Ports D and ENA on the latch are fed by the same signal unidade_de_controle:Unidade_Controle|FSM:FSM_c|RF_s1~reg0
Warning (13012): Latch bloco_operacional:Bloco_OP|mux:m|mo[3] has unsafe behavior
    Warning (13013): Ports D and ENA on the latch are fed by the same signal unidade_de_controle:Unidade_Controle|FSM:FSM_c|RF_s1~reg0
Warning (13012): Latch bloco_operacional:Bloco_OP|mux:m|mo[4] has unsafe behavior
    Warning (13013): Ports D and ENA on the latch are fed by the same signal unidade_de_controle:Unidade_Controle|FSM:FSM_c|RF_s1~reg0
Warning (13012): Latch bloco_operacional:Bloco_OP|mux:m|mo[5] has unsafe behavior
    Warning (13013): Ports D and ENA on the latch are fed by the same signal unidade_de_controle:Unidade_Controle|FSM:FSM_c|RF_s1~reg0
Warning (13012): Latch bloco_operacional:Bloco_OP|mux:m|mo[6] has unsafe behavior
    Warning (13013): Ports D and ENA on the latch are fed by the same signal unidade_de_controle:Unidade_Controle|FSM:FSM_c|RF_s1~reg0
Warning (13012): Latch bloco_operacional:Bloco_OP|mux:m|mo[7] has unsafe behavior
    Warning (13013): Ports D and ENA on the latch are fed by the same signal unidade_de_controle:Unidade_Controle|FSM:FSM_c|RF_s1~reg0
Warning (13012): Latch bloco_operacional:Bloco_OP|mux:m|mo[8] has unsafe behavior
    Warning (13013): Ports D and ENA on the latch are fed by the same signal unidade_de_controle:Unidade_Controle|FSM:FSM_c|RF_s1~reg0
Warning (13012): Latch bloco_operacional:Bloco_OP|mux:m|mo[9] has unsafe behavior
    Warning (13013): Ports D and ENA on the latch are fed by the same signal unidade_de_controle:Unidade_Controle|FSM:FSM_c|RF_s1~reg0
Warning (13012): Latch bloco_operacional:Bloco_OP|mux:m|mo[10] has unsafe behavior
    Warning (13013): Ports D and ENA on the latch are fed by the same signal unidade_de_controle:Unidade_Controle|FSM:FSM_c|RF_s1~reg0
Warning (13012): Latch bloco_operacional:Bloco_OP|mux:m|mo[11] has unsafe behavior
    Warning (13013): Ports D and ENA on the latch are fed by the same signal unidade_de_controle:Unidade_Controle|FSM:FSM_c|RF_s1~reg0
Warning (13012): Latch bloco_operacional:Bloco_OP|mux:m|mo[12] has unsafe behavior
    Warning (13013): Ports D and ENA on the latch are fed by the same signal unidade_de_controle:Unidade_Controle|FSM:FSM_c|RF_s1~reg0
Warning (13012): Latch bloco_operacional:Bloco_OP|mux:m|mo[13] has unsafe behavior
    Warning (13013): Ports D and ENA on the latch are fed by the same signal unidade_de_controle:Unidade_Controle|FSM:FSM_c|RF_s1~reg0
Warning (13012): Latch bloco_operacional:Bloco_OP|mux:m|mo[14] has unsafe behavior
    Warning (13013): Ports D and ENA on the latch are fed by the same signal unidade_de_controle:Unidade_Controle|FSM:FSM_c|RF_s1~reg0
Warning (13012): Latch bloco_operacional:Bloco_OP|mux:m|mo[15] has unsafe behavior
    Warning (13013): Ports D and ENA on the latch are fed by the same signal unidade_de_controle:Unidade_Controle|FSM:FSM_c|RF_s1~reg0
Warning (13024): Output pins are stuck at VCC or GND
    Warning (13410): Pin "nibble_IR_msb_out[3]" is stuck at GND
    Warning (13410): Pin "data_I_z[15]" is stuck at GND
Info (286030): Timing-Driven Synthesis is running
Info (16010): Generating hard_block partition "hard_block:auto_generated_inst"
    Info (16011): Adding 0 node(s), including 0 DDIO, 0 PLL, 0 transceiver and 0 LCELL
Info (21057): Implemented 934 device resources after synthesis - the final resource count might be different
    Info (21058): Implemented 2 input pins
    Info (21059): Implemented 114 output pins
    Info (21061): Implemented 802 logic cells
    Info (21064): Implemented 16 RAM segments
Info: Quartus II 64-Bit Analysis & Synthesis was successful. 0 errors, 89 warnings
    Info: Peak virtual memory: 485 megabytes
    Info: Processing ended: Tue Apr 05 17:11:55 2022
    Info: Elapsed time: 00:00:02
    Info: Total CPU time (on all processors): 00:00:03


